#
# There is insufficient memory for the Java Runtime Environment to continue.
# Native memory allocation (malloc) failed to allocate 1048576 bytes for AllocateHeap
# Possible reasons:
#   The system is out of physical RAM or swap space
#   In 32 bit mode, the process size limit was hit
# Possible solutions:
#   Reduce memory load on the system
#   Increase physical memory or swap space
#   Check if swap backing store is full
#   Use 64 bit Java on a 64 bit OS
#   Decrease Java heap size (-Xmx/-Xms)
#   Decrease number of Java threads
#   Decrease Java thread stack sizes (-Xss)
#   Set larger code cache with -XX:ReservedCodeCacheSize=
# This output file may be truncated or incomplete.
#
#  Out of Memory Error (memory/allocation.inline.hpp:61), pid=7580, tid=6232
#
# JRE version:  (8.0_77-b03) (build )
# Java VM: Java HotSpot(TM) 64-Bit Server VM (25.77-b03 mixed mode windows-amd64 compressed oops)
# Failed to write core dump. Minidumps are not enabled by default on client versions of Windows
#

---------------  T H R E A D  ---------------

Current thread (0x00000000025a0800):  JavaThread "Unknown thread" [_thread_in_vm, id=6232, stack(0x00000000023f0000,0x00000000024f0000)]

Stack: [0x00000000023f0000,0x00000000024f0000]
[error occurred during error reporting (printing stack bounds), id 0xc0000005]

Native frames: (J=compiled Java code, j=interpreted, Vv=VM code, C=native code)


---------------  P R O C E S S  ---------------

Java Threads: ( => current thread )

Other Threads:

=>0x00000000025a0800 (exited) JavaThread "Unknown thread" [_thread_in_vm, id=6232, stack(0x00000000023f0000,0x00000000024f0000)]

VM state:not at safepoint (normal execution)

VM Mutex/Monitor currently owned by a thread: None

Heap:
 PSYoungGen      total 38400K, used 665K [0x00000000eab00000, 0x00000000ed580000, 0x0000000100000000)
  eden space 33280K, 2% used [0x00000000eab00000,0x00000000eaba6670,0x00000000ecb80000)
  from space 5120K, 0% used [0x00000000ed080000,0x00000000ed080000,0x00000000ed580000)
  to   space 5120K, 0% used [0x00000000ecb80000,0x00000000ecb80000,0x00000000ed080000)
 ParOldGen       total 87552K, used 0K [0x00000000c0000000, 0x00000000c5580000, 0x00000000eab00000)
  object space 87552K, 0% used [0x00000000c0000000,0x00000000c0000000,0x00000000c5580000)
 Metaspace       used 769K, capacity 4480K, committed 4480K, reserved 1056768K
  class space    used 75K, capacity 384K, committed 384K, reserved 1048576K

Card table byte_map: [0x0000000011a60000,0x0000000011c70000] byte_map_base: 0x0000000011460000

Marking Bits: (ParMarkBitMap*) 0x0000000072680600
 Begin Bits: [0x00000000121d0000, 0x00000000131d0000)
 End Bits:   [0x00000000131d0000, 0x00000000141d0000)

Polling page: 0x0000000002050000

CodeCache: size=245760Kb used=328Kb max_used=328Kb free=245431Kb
 bounds [0x00000000026a0000, 0x0000000002910000, 0x00000000116a0000]
 total_blobs=58 nmethods=0 adapters=38
 compilation: enabled

Compilation events (0 events):
No events

GC Heap History (0 events):
No events

Deoptimization events (0 events):
No events

Internal exceptions (0 events):
No events

Events (10 events):
Event: 2.088 loading class java/lang/Short
Event: 2.088 loading class java/lang/Short done
Event: 2.088 loading class java/lang/Integer
Event: 2.088 loading class java/lang/Integer done
Event: 2.088 loading class java/lang/Long
Event: 2.088 loading class java/lang/Long done
Event: 2.089 loading class java/lang/NullPointerException
Event: 2.089 loading class java/lang/NullPointerException done
Event: 2.089 loading class java/lang/ArithmeticException
Event: 2.089 loading class java/lang/ArithmeticException done


Dynamic libraries:
0x00007ff73aea0000 - 0x00007ff73aed7000 	D:\Java\jdk1.8.0_77\bin\java.exe
0x00007ffc9f060000 - 0x00007ffc9f209000 	C:\Windows\SYSTEM32\ntdll.dll
0x00007ffc9e530000 - 0x00007ffc9e669000 	C:\Windows\system32\KERNEL32.DLL
0x00007ffc9c600000 - 0x00007ffc9c70e000 	C:\Windows\system32\KERNELBASE.dll
0x00007ffc9e0a0000 - 0x00007ffc9e145000 	C:\Windows\system32\ADVAPI32.dll
0x00007ffc9c900000 - 0x00007ffc9ca71000 	C:\Windows\system32\USER32.dll
0x00007ffc9a5d0000 - 0x00007ffc9a82a000 	C:\Windows\WinSxS\amd64_microsoft.windows.common-controls_6595b64144ccf1df_6.0.9600.16384_none_62475f7becb72503\COMCTL32.dll
0x00007ffc9e6d0000 - 0x00007ffc9e777000 	C:\Windows\system32\msvcrt.dll
0x00007ffc9e4d0000 - 0x00007ffc9e527000 	C:\Windows\SYSTEM32\sechost.dll
0x00007ffc9cb50000 - 0x00007ffc9cc86000 	C:\Windows\system32\RPCRT4.dll
0x00007ffc9eac0000 - 0x00007ffc9ec05000 	C:\Windows\system32\GDI32.dll
0x00007ffc9caf0000 - 0x00007ffc9cb24000 	C:\Windows\system32\IMM32.DLL
0x00007ffc9e380000 - 0x00007ffc9e4b9000 	C:\Windows\system32\MSCTF.dll
0x0000000072990000 - 0x0000000072a62000 	D:\Java\jdk1.8.0_77\jre\bin\msvcr100.dll
0x0000000071e70000 - 0x0000000072700000 	D:\Java\jdk1.8.0_77\jre\bin\server\jvm.dll
0x00007ffc97850000 - 0x00007ffc97859000 	C:\Windows\SYSTEM32\WSOCK32.dll
0x00007ffc98a40000 - 0x00007ffc98a5f000 	C:\Windows\SYSTEM32\WINMM.dll
0x00007ffc99ca0000 - 0x00007ffc99caa000 	C:\Windows\SYSTEM32\VERSION.dll
0x00007ffc9e4c0000 - 0x00007ffc9e4c7000 	C:\Windows\system32\PSAPI.DLL
0x00007ffc9e670000 - 0x00007ffc9e6c8000 	C:\Windows\system32\WS2_32.dll
0x00007ffc99a90000 - 0x00007ffc99aba000 	C:\Windows\SYSTEM32\WINMMBASE.dll
0x00007ffc9cae0000 - 0x00007ffc9cae9000 	C:\Windows\system32\NSI.dll
0x00007ffc9c500000 - 0x00007ffc9c54a000 	C:\Windows\SYSTEM32\cfgmgr32.dll
0x00007ffc9b290000 - 0x00007ffc9b2b6000 	C:\Windows\SYSTEM32\DEVOBJ.dll
0x0000000072980000 - 0x000000007298f000 	D:\Java\jdk1.8.0_77\jre\bin\verify.dll
0x0000000072950000 - 0x0000000072979000 	D:\Java\jdk1.8.0_77\jre\bin\java.dll
0x0000000072930000 - 0x0000000072946000 	D:\Java\jdk1.8.0_77\jre\bin\zip.dll

VM Arguments:
jvm_args: -Djava.awt.headless=true -Xmx1024M -Dfile.encoding=GBK -Duser.country=CN -Duser.language=zh -Duser.variant 
java_command: com.android.dx.command.Main --dex --num-threads=4 --output E:\AndroidStudioProjects\Base1Application\app\build\intermediates\pre-dexed\debug\com.android.support-support-v4-24.0.0-beta1_aeada1f7cb6696be3bb26e0ede5f24d516c643ca.jar E:\AndroidStudioProjects\Base1Application\app\build\intermediates\exploded-aar\com.android.support\support-v4\24.0.0-beta1\jars\classes.jar
java_class_path (initial): D:\android\android-sdk-windows\build-tools\24.0.0\lib\dx.jar
Launcher Type: SUN_STANDARD

Environment Variables:
JAVA_HOME=D:\Java\jdk1.8.0_77
CLASSPATH=.;D:\Java\jdk1.8.0_77\lib\dt.jar;D:\Java\jdk1.8.0_77\lib\tools.jar;
PATH=C:\Windows\system32;C:\Windows;C:\Windows\System32\Wbem;C:\Windows\System32\WindowsPowerShell\v1.0\;D:\Java\jdk1.8.0_77\bin;C:\Program Files (x86)\NVIDIA Corporation\PhysX\Common;C:\Program Files\TortoiseSVN\bin
USERNAME=Administrator
OS=Windows_NT
PROCESSOR_IDENTIFIER=Intel64 Family 6 Model 60 Stepping 3, GenuineIntel



---------------  S Y S T E M  ---------------

OS: Windows 8.1 , 64 bit Build 9600 (6.3.9600.16656)

CPU:total 4 (2 cores per cpu, 2 threads per core) family 6 model 60 stepping 3, cmov, cx8, fxsr, mmx, sse, sse2, sse3, ssse3, sse4.1, sse4.2, popcnt, avx, avx2, aes, clmul, erms, lzcnt, ht, tsc, tscinvbit, bmi1, bmi2

Memory: 4k page, physical 8277268k(2102216k free), swap 8277268k(7716k free)

vm_info: Java HotSpot(TM) 64-Bit Server VM (25.77-b03) for windows-amd64 JRE (1.8.0_77-b03), built on Mar 20 2016 22:01:33 by "java_re" with MS VC++ 10.0 (VS2010)

time: Mon Aug 01 20:06:58 2016
elapsed time: 2 seconds (0d 0h 0m 2s)

