#
# There is insufficient memory for the Java Runtime Environment to continue.
# Native memory allocation (malloc) failed to allocate 131088 bytes for Chunk::new
# Possible reasons:
#   The system is out of physical RAM or swap space
#   In 32 bit mode, the process size limit was hit
# Possible solutions:
#   Reduce memory load on the system
#   Increase physical memory or swap space
#   Check if swap backing store is full
#   Use 64 bit Java on a 64 bit OS
#   Decrease Java heap size (-Xmx/-Xms)
#   Decrease number of Java threads
#   Decrease Java thread stack sizes (-Xss)
#   Set larger code cache with -XX:ReservedCodeCacheSize=
# This output file may be truncated or incomplete.
#
#  Out of Memory Error (allocation.cpp:390), pid=1036, tid=7220
#
# JRE version: Java(TM) SE Runtime Environment (8.0_77-b03) (build 1.8.0_77-b03)
# Java VM: Java HotSpot(TM) 64-Bit Server VM (25.77-b03 mixed mode windows-amd64 compressed oops)
# Failed to write core dump. Minidumps are not enabled by default on client versions of Windows
#

---------------  T H R E A D  ---------------

Current thread (0x0000000014c0e800):  JavaThread "C2 CompilerThread1" daemon [_thread_in_native, id=7220, stack(0x0000000016600000,0x0000000016700000)]

Stack: [0x0000000016600000,0x0000000016700000]
[error occurred during error reporting (printing stack bounds), id 0xc0000005]

Native frames: (J=compiled Java code, j=interpreted, Vv=VM code, C=native code)


Current CompileTask:
C2:   8013 2305 %     4       com.android.dx.dex.code.LocalList::make @ 16 (102 bytes)


---------------  P R O C E S S  ---------------

Java Threads: ( => current thread )
  0x000000001625e800 JavaThread "Service Thread" daemon [_thread_blocked, id=9544, stack(0x0000000016800000,0x0000000016900000)]
  0x0000000016259800 JavaThread "C1 CompilerThread2" daemon [_thread_blocked, id=5244, stack(0x0000000016700000,0x0000000016800000)]
=>0x0000000014c0e800 JavaThread "C2 CompilerThread1" daemon [_thread_in_native, id=7220, stack(0x0000000016600000,0x0000000016700000)]
  0x0000000014c0b800 JavaThread "C2 CompilerThread0" daemon [_thread_in_native, id=6744, stack(0x0000000016100000,0x0000000016200000)]
  0x0000000014c0a800 JavaThread "Attach Listener" daemon [_thread_blocked, id=6944, stack(0x0000000016000000,0x0000000016100000)]
  0x0000000014c09000 JavaThread "Signal Dispatcher" daemon [_thread_blocked, id=9956, stack(0x0000000015f00000,0x0000000016000000)]
  0x00000000024db800 JavaThread "Finalizer" daemon [_thread_blocked, id=8432, stack(0x0000000015e00000,0x0000000015f00000)]
  0x0000000014b79000 JavaThread "Reference Handler" daemon [_thread_blocked, id=8444, stack(0x0000000015d00000,0x0000000015e00000)]
  0x00000000023e0800 JavaThread "main" [_thread_in_Java, id=6136, stack(0x0000000001f40000,0x0000000002040000)]

Other Threads:
  0x0000000014b76800 VMThread [stack: 0x0000000015c00000,0x0000000015d00000] [id=4340]
  0x00000000162c0800 WatcherThread [stack: 0x0000000016900000,0x0000000016a00000] [id=9096]

VM state:not at safepoint (normal execution)

VM Mutex/Monitor currently owned by a thread: None

Heap:
 PSYoungGen      total 71680K, used 23632K [0x00000000eab00000, 0x00000000f4d00000, 0x0000000100000000)
  eden space 66560K, 27% used [0x00000000eab00000,0x00000000ebd15028,0x00000000eec00000)
  from space 5120K, 99% used [0x00000000eec00000,0x00000000ef0ff338,0x00000000ef100000)
  to   space 16384K, 0% used [0x00000000f3d00000,0x00000000f3d00000,0x00000000f4d00000)
 ParOldGen       total 87552K, used 28193K [0x00000000c0000000, 0x00000000c5580000, 0x00000000eab00000)
  object space 87552K, 32% used [0x00000000c0000000,0x00000000c1b884e8,0x00000000c5580000)
 Metaspace       used 6742K, capacity 7448K, committed 7680K, reserved 1056768K
  class space    used 641K, capacity 656K, committed 768K, reserved 1048576K

Card table byte_map: [0x00000000118a0000,0x0000000011ab0000] byte_map_base: 0x00000000112a0000

Marking Bits: (ParMarkBitMap*) 0x0000000072680600
 Begin Bits: [0x0000000012010000, 0x0000000013010000)
 End Bits:   [0x0000000013010000, 0x0000000014010000)

Polling page: 0x0000000002040000

CodeCache: size=245760Kb used=9486Kb max_used=9498Kb free=236273Kb
 bounds [0x00000000024e0000, 0x0000000002e30000, 0x00000000114e0000]
 total_blobs=2494 nmethods=2222 adapters=184
 compilation: enabled

Compilation events (10 events):
Event: 8.002 Thread 0x0000000016259800 2327       3       com.android.dx.dex.code.CatchTable::get (9 bytes)
Event: 8.002 Thread 0x0000000016259800 nmethod 2327 0x0000000002e28550 code [0x0000000002e286c0, 0x0000000002e289a8]
Event: 8.002 Thread 0x0000000016259800 2328       3       java.util.TreeMap$Entry::setValue (12 bytes)
Event: 8.003 Thread 0x0000000016259800 nmethod 2328 0x0000000002e23250 code [0x0000000002e233a0, 0x0000000002e23510]
Event: 8.007 Thread 0x0000000014c0b800 nmethod 2306% 0x0000000002e27d50 code [0x0000000002e27ea0, 0x0000000002e28298]
Event: 8.007 Thread 0x0000000014c0b800 2322       4       com.android.dx.rop.code.RegisterSpecSet::findMatchingLocal (49 bytes)
Event: 8.009 Thread 0x0000000016259800 2329       3       com.android.dx.dex.code.CatchTable$Entry::<init> (66 bytes)
Event: 8.009 Thread 0x0000000016259800 nmethod 2329 0x0000000002e27410 code [0x0000000002e275c0, 0x0000000002e27b08]
Event: 8.011 Thread 0x0000000014c0b800 nmethod 2322 0x0000000002e2db90 code [0x0000000002e2dd00, 0x0000000002e2e008]
Event: 8.011 Thread 0x0000000014c0b800 2330       4       com.android.dx.dex.code.OutputFinisher::makeOpcodesArray (45 bytes)

GC Heap History (10 events):
Event: 1.576 GC heap before
{Heap before GC invocations=1 (full 0):
 PSYoungGen      total 38400K, used 33280K [0x00000000eab00000, 0x00000000ed580000, 0x0000000100000000)
  eden space 33280K, 100% used [0x00000000eab00000,0x00000000ecb80000,0x00000000ecb80000)
  from space 5120K, 0% used [0x00000000ed080000,0x00000000ed080000,0x00000000ed580000)
  to   space 5120K, 0% used [0x00000000ecb80000,0x00000000ecb80000,0x00000000ed080000)
 ParOldGen       total 87552K, used 0K [0x00000000c0000000, 0x00000000c5580000, 0x00000000eab00000)
  object space 87552K, 0% used [0x00000000c0000000,0x00000000c0000000,0x00000000c5580000)
 Metaspace       used 6049K, capacity 6900K, committed 7040K, reserved 1056768K
  class space    used 601K, capacity 620K, committed 640K, reserved 1048576K
Event: 1.588 GC heap after
Heap after GC invocations=1 (full 0):
 PSYoungGen      total 38400K, used 5104K [0x00000000eab00000, 0x00000000ed580000, 0x0000000100000000)
  eden space 33280K, 0% used [0x00000000eab00000,0x00000000eab00000,0x00000000ecb80000)
  from space 5120K, 99% used [0x00000000ecb80000,0x00000000ed07c0a8,0x00000000ed080000)
  to   space 5120K, 0% used [0x00000000ed080000,0x00000000ed080000,0x00000000ed580000)
 ParOldGen       total 87552K, used 1326K [0x00000000c0000000, 0x00000000c5580000, 0x00000000eab00000)
  object space 87552K, 1% used [0x00000000c0000000,0x00000000c014bbe0,0x00000000c5580000)
 Metaspace       used 6049K, capacity 6900K, committed 7040K, reserved 1056768K
  class space    used 601K, capacity 620K, committed 640K, reserved 1048576K
}
Event: 2.701 GC heap before
{Heap before GC invocations=2 (full 0):
 PSYoungGen      total 38400K, used 38384K [0x00000000eab00000, 0x00000000ed580000, 0x0000000100000000)
  eden space 33280K, 100% used [0x00000000eab00000,0x00000000ecb80000,0x00000000ecb80000)
  from space 5120K, 99% used [0x00000000ecb80000,0x00000000ed07c0a8,0x00000000ed080000)
  to   space 5120K, 0% used [0x00000000ed080000,0x00000000ed080000,0x00000000ed580000)
 ParOldGen       total 87552K, used 1326K [0x00000000c0000000, 0x00000000c5580000, 0x00000000eab00000)
  object space 87552K, 1% used [0x00000000c0000000,0x00000000c014bbe0,0x00000000c5580000)
 Metaspace       used 6196K, capacity 7028K, committed 7296K, reserved 1056768K
  class space    used 602K, capacity 620K, committed 640K, reserved 1048576K
Event: 2.837 GC heap after
Heap after GC invocations=2 (full 0):
 PSYoungGen      total 38400K, used 5112K [0x00000000eab00000, 0x00000000ef600000, 0x0000000100000000)
  eden space 33280K, 0% used [0x00000000eab00000,0x00000000eab00000,0x00000000ecb80000)
  from space 5120K, 99% used [0x00000000ed080000,0x00000000ed57e038,0x00000000ed580000)
  to   space 5120K, 0% used [0x00000000ecb80000,0x00000000ecb80000,0x00000000ed080000)
 ParOldGen       total 87552K, used 7313K [0x00000000c0000000, 0x00000000c5580000, 0x00000000eab00000)
  object space 87552K, 8% used [0x00000000c0000000,0x00000000c07247c0,0x00000000c5580000)
 Metaspace       used 6196K, capacity 7028K, committed 7296K, reserved 1056768K
  class space    used 602K, capacity 620K, committed 640K, reserved 1048576K
}
Event: 3.401 GC heap before
{Heap before GC invocations=3 (full 0):
 PSYoungGen      total 38400K, used 38392K [0x00000000eab00000, 0x00000000ef600000, 0x0000000100000000)
  eden space 33280K, 100% used [0x00000000eab00000,0x00000000ecb80000,0x00000000ecb80000)
  from space 5120K, 99% used [0x00000000ed080000,0x00000000ed57e038,0x00000000ed580000)
  to   space 5120K, 0% used [0x00000000ecb80000,0x00000000ecb80000,0x00000000ed080000)
 ParOldGen       total 87552K, used 7313K [0x00000000c0000000, 0x00000000c5580000, 0x00000000eab00000)
  object space 87552K, 8% used [0x00000000c0000000,0x00000000c07247c0,0x00000000c5580000)
 Metaspace       used 6354K, capacity 7128K, committed 7424K, reserved 1056768K
  class space    used 622K, capacity 656K, committed 768K, reserved 1048576K
Event: 3.474 GC heap after
Heap after GC invocations=3 (full 0):
 PSYoungGen      total 38400K, used 5112K [0x00000000eab00000, 0x00000000ef600000, 0x0000000100000000)
  eden space 33280K, 0% used [0x00000000eab00000,0x00000000eab00000,0x00000000ecb80000)
  from space 5120K, 99% used [0x00000000ecb80000,0x00000000ed07e038,0x00000000ed080000)
  to   space 5120K, 0% used [0x00000000ef100000,0x00000000ef100000,0x00000000ef600000)
 ParOldGen       total 87552K, used 12075K [0x00000000c0000000, 0x00000000c5580000, 0x00000000eab00000)
  object space 87552K, 13% used [0x00000000c0000000,0x00000000c0bcade0,0x00000000c5580000)
 Metaspace       used 6354K, capacity 7128K, committed 7424K, reserved 1056768K
  class space    used 622K, capacity 656K, committed 768K, reserved 1048576K
}
Event: 4.273 GC heap before
{Heap before GC invocations=4 (full 0):
 PSYoungGen      total 38400K, used 38392K [0x00000000eab00000, 0x00000000ef600000, 0x0000000100000000)
  eden space 33280K, 100% used [0x00000000eab00000,0x00000000ecb80000,0x00000000ecb80000)
  from space 5120K, 99% used [0x00000000ecb80000,0x00000000ed07e038,0x00000000ed080000)
  to   space 5120K, 0% used [0x00000000ef100000,0x00000000ef100000,0x00000000ef600000)
 ParOldGen       total 87552K, used 12075K [0x00000000c0000000, 0x00000000c5580000, 0x00000000eab00000)
  object space 87552K, 13% used [0x00000000c0000000,0x00000000c0bcade0,0x00000000c5580000)
 Metaspace       used 6394K, capacity 7192K, committed 7424K, reserved 1056768K
  class space    used 622K, capacity 656K, committed 768K, reserved 1048576K
Event: 4.538 GC heap after
Heap after GC invocations=4 (full 0):
 PSYoungGen      total 71680K, used 5091K [0x00000000eab00000, 0x00000000ef600000, 0x0000000100000000)
  eden space 66560K, 0% used [0x00000000eab00000,0x00000000eab00000,0x00000000eec00000)
  from space 5120K, 99% used [0x00000000ef100000,0x00000000ef5f8c40,0x00000000ef600000)
  to   space 5120K, 0% used [0x00000000eec00000,0x00000000eec00000,0x00000000ef100000)
 ParOldGen       total 87552K, used 17438K [0x00000000c0000000, 0x00000000c5580000, 0x00000000eab00000)
  object space 87552K, 19% used [0x00000000c0000000,0x00000000c1107858,0x00000000c5580000)
 Metaspace       used 6394K, capacity 7192K, committed 7424K, reserved 1056768K
  class space    used 622K, capacity 656K, committed 768K, reserved 1048576K
}
Event: 5.827 GC heap before
{Heap before GC invocations=5 (full 0):
 PSYoungGen      total 71680K, used 71651K [0x00000000eab00000, 0x00000000ef600000, 0x0000000100000000)
  eden space 66560K, 100% used [0x00000000eab00000,0x00000000eec00000,0x00000000eec00000)
  from space 5120K, 99% used [0x00000000ef100000,0x00000000ef5f8c40,0x00000000ef600000)
  to   space 5120K, 0% used [0x00000000eec00000,0x00000000eec00000,0x00000000ef100000)
 ParOldGen       total 87552K, used 17438K [0x00000000c0000000, 0x00000000c5580000, 0x00000000eab00000)
  object space 87552K, 19% used [0x00000000c0000000,0x00000000c1107858,0x00000000c5580000)
 Metaspace       used 6435K, capacity 7192K, committed 7424K, reserved 1056768K
  class space    used 623K, capacity 656K, committed 768K, reserved 1048576K
Event: 6.104 GC heap after
Heap after GC invocations=5 (full 0):
 PSYoungGen      total 71680K, used 5116K [0x00000000eab00000, 0x00000000f4d00000, 0x0000000100000000)
  eden space 66560K, 0% used [0x00000000eab00000,0x00000000eab00000,0x00000000eec00000)
  from space 5120K, 99% used [0x00000000eec00000,0x00000000ef0ff338,0x00000000ef100000)
  to   space 16384K, 0% used [0x00000000f3d00000,0x00000000f3d00000,0x00000000f4d00000)
 ParOldGen       total 87552K, used 28193K [0x00000000c0000000, 0x00000000c5580000, 0x00000000eab00000)
  object space 87552K, 32% used [0x00000000c0000000,0x00000000c1b884e8,0x00000000c5580000)
 Metaspace       used 6435K, capacity 7192K, committed 7424K, reserved 1056768K
  class space    used 623K, capacity 656K, committed 768K, reserved 1048576K
}

Deoptimization events (10 events):
Event: 6.593 Thread 0x00000000023e0800 Uncommon trap: reason=class_check action=maybe_recompile pc=0x00000000029d9748 method=java.util.Arrays.hashCode([Ljava/lang/Object;)I @ 43
Event: 6.593 Thread 0x00000000023e0800 Uncommon trap: reason=class_check action=maybe_recompile pc=0x00000000029d9748 method=java.util.Arrays.hashCode([Ljava/lang/Object;)I @ 43
Event: 6.599 Thread 0x00000000023e0800 Uncommon trap: reason=class_check action=maybe_recompile pc=0x00000000029d9174 method=java.util.Arrays.hashCode([Ljava/lang/Object;)I @ 43
Event: 7.405 Thread 0x00000000023e0800 Uncommon trap: reason=speculate_class_check action=maybe_recompile pc=0x0000000002882128 method=com.android.dx.util.FixedSizeList.equals(Ljava/lang/Object;)Z @ 25
Event: 7.405 Thread 0x00000000023e0800 Uncommon trap: reason=speculate_class_check action=maybe_recompile pc=0x0000000002882128 method=com.android.dx.util.FixedSizeList.equals(Ljava/lang/Object;)Z @ 25
Event: 7.405 Thread 0x00000000023e0800 Uncommon trap: reason=speculate_class_check action=maybe_recompile pc=0x0000000002882128 method=com.android.dx.util.FixedSizeList.equals(Ljava/lang/Object;)Z @ 25
Event: 7.405 Thread 0x00000000023e0800 Uncommon trap: reason=speculate_class_check action=maybe_recompile pc=0x0000000002882128 method=com.android.dx.util.FixedSizeList.equals(Ljava/lang/Object;)Z @ 25
Event: 7.408 Thread 0x00000000023e0800 Uncommon trap: reason=unstable_if action=reinterpret pc=0x0000000002d683e0 method=java.util.TreeMap.put(Ljava/lang/Object;Ljava/lang/Object;)Ljava/lang/Object; @ 163
Event: 7.669 Thread 0x00000000023e0800 Uncommon trap: reason=unstable_if action=reinterpret pc=0x0000000002d8e880 method=com.android.dx.dex.code.OutputFinisher.findOpcodeForInsn(Lcom/android/dx/dex/code/DalvInsn;Lcom/android/dx/dex/code/Dop;)Lcom/android/dx/dex/code/Dop; @ 1
Event: 7.993 Thread 0x00000000023e0800 Uncommon trap: reason=unstable_if action=reinterpret pc=0x0000000002e0aa2c method=com.android.dx.dex.code.OutputFinisher.align64bits([Lcom/android/dx/dex/code/Dop;)V @ 205

Internal exceptions (6 events):
Event: 0.062 Thread 0x00000000023e0800 Exception <a 'java/lang/NoSuchMethodError': Method sun.misc.Unsafe.defineClass(Ljava/lang/String;[BII)Ljava/lang/Class; name or signature does not match> (0x00000000eab07cc0) thrown at [D:\re\workspace\8-2-build-windows-amd64-cygwin\jdk8u77\6540\hotspot\sr$ù4_ìØ?
Event: 0.062 Thread 0x00000000023e0800 Exception <a 'java/lang/NoSuchMethodError': Method sun.misc.Unsafe.prefetchRead(Ljava/lang/Object;J)V name or signature does not match> (0x00000000eab07fa8) thrown at [D:\re\workspace\8-2-build-windows-amd64-cygwin\jdk8u77\6540\hotspot\src\share\vm\prims\j—Mÿ≈]Í?
Event: 0.824 Thread 0x000000001646d800 Implicit null exception at 0x00000000027d1593 to 0x00000000027d2e3d
Event: 3.115 Thread 0x0000000016496800 Exception <a 'java/lang/ArrayIndexOutOfBoundsException': 18> (0x00000000eb6e0848) thrown at [D:\re\workspace\8-2-build-windows-amd64-cygwin\jdk8u77\6540\hotspot\src\share\vm\interpreter\interpreterRuntime.cpp, line 366]
Event: 3.115 Thread 0x0000000016496800 Exception <a 'java/lang/ArrayIndexOutOfBoundsException'> (0x00000000eb6e23c8) thrown at [D:\re\workspace\8-2-build-windows-amd64-cygwin\jdk8u77\6540\hotspot\src\share\vm\runtime\sharedRuntime.cpp, line 605]
Event: 3.117 Thread 0x0000000016496800 Exception <a 'java/lang/ArrayIndexOutOfBoundsException'> (0x00000000eb6e36b0) thrown at [D:\re\workspace\8-2-build-windows-amd64-cygwin\jdk8u77\6540\hotspot\src\share\vm\runtime\sharedRuntime.cpp, line 605]

Events (10 events):
Event: 7.986 Thread 0x00000000023e0800 DEOPT UNPACKING pc=0x000000000252787f sp=0x000000000203efe8 mode 0
Event: 7.991 Thread 0x00000000023e0800 DEOPT PACKING pc=0x0000000002dd15fb sp=0x000000000203f0e0
Event: 7.992 Thread 0x00000000023e0800 DEOPT UNPACKING pc=0x000000000252787f sp=0x000000000203ee58 mode 0
Event: 7.993 Thread 0x00000000023e0800 Uncommon trap: trap_request=0xffffff65 fr.pc=0x0000000002e0aa2c
Event: 7.993 Thread 0x00000000023e0800 DEOPT PACKING pc=0x0000000002e0aa2c sp=0x000000000203f130
Event: 7.993 Thread 0x00000000023e0800 DEOPT UNPACKING pc=0x000000000252582a sp=0x000000000203f0a0 mode 2
Event: 8.005 Thread 0x00000000023e0800 DEOPT PACKING pc=0x0000000002e257a3 sp=0x000000000203f0d0
Event: 8.005 Thread 0x00000000023e0800 DEOPT UNPACKING pc=0x000000000252787f sp=0x000000000203ee20 mode 0
Event: 8.010 Thread 0x00000000023e0800 DEOPT PACKING pc=0x0000000002dc12db sp=0x000000000203f270
Event: 8.010 Thread 0x00000000023e0800 DEOPT UNPACKING pc=0x000000000252787f sp=0x000000000203eff0 mode 0


Dynamic libraries:
0x00007ff73aea0000 - 0x00007ff73aed7000 	D:\Java\jdk1.8.0_77\bin\java.exe
0x00007ffc9f060000 - 0x00007ffc9f209000 	C:\Windows\SYSTEM32\ntdll.dll
0x00007ffc9e530000 - 0x00007ffc9e669000 	C:\Windows\system32\KERNEL32.DLL
0x00007ffc9c600000 - 0x00007ffc9c70e000 	C:\Windows\system32\KERNELBASE.dll
0x00007ffc9e0a0000 - 0x00007ffc9e145000 	C:\Windows\system32\ADVAPI32.dll
0x00007ffc9c900000 - 0x00007ffc9ca71000 	C:\Windows\system32\USER32.dll
0x00007ffc9a5d0000 - 0x00007ffc9a82a000 	C:\Windows\WinSxS\amd64_microsoft.windows.common-controls_6595b64144ccf1df_6.0.9600.16384_none_62475f7becb72503\COMCTL32.dll
0x00007ffc9e6d0000 - 0x00007ffc9e777000 	C:\Windows\system32\msvcrt.dll
0x00007ffc9e4d0000 - 0x00007ffc9e527000 	C:\Windows\SYSTEM32\sechost.dll
0x00007ffc9cb50000 - 0x00007ffc9cc86000 	C:\Windows\system32\RPCRT4.dll
0x00007ffc9eac0000 - 0x00007ffc9ec05000 	C:\Windows\system32\GDI32.dll
0x00007ffc9caf0000 - 0x00007ffc9cb24000 	C:\Windows\system32\IMM32.DLL
0x00007ffc9e380000 - 0x00007ffc9e4b9000 	C:\Windows\system32\MSCTF.dll
0x0000000072990000 - 0x0000000072a62000 	D:\Java\jdk1.8.0_77\jre\bin\msvcr100.dll
0x0000000071e70000 - 0x0000000072700000 	D:\Java\jdk1.8.0_77\jre\bin\server\jvm.dll
0x00007ffc97850000 - 0x00007ffc97859000 	C:\Windows\SYSTEM32\WSOCK32.dll
0x00007ffc98a40000 - 0x00007ffc98a5f000 	C:\Windows\SYSTEM32\WINMM.dll
0x00007ffc99ca0000 - 0x00007ffc99caa000 	C:\Windows\SYSTEM32\VERSION.dll
0x00007ffc9e4c0000 - 0x00007ffc9e4c7000 	C:\Windows\system32\PSAPI.DLL
0x00007ffc9e670000 - 0x00007ffc9e6c8000 	C:\Windows\system32\WS2_32.dll
0x00007ffc99a90000 - 0x00007ffc99aba000 	C:\Windows\SYSTEM32\WINMMBASE.dll
0x00007ffc9cae0000 - 0x00007ffc9cae9000 	C:\Windows\system32\NSI.dll
0x00007ffc9c500000 - 0x00007ffc9c54a000 	C:\Windows\SYSTEM32\cfgmgr32.dll
0x00007ffc9b290000 - 0x00007ffc9b2b6000 	C:\Windows\SYSTEM32\DEVOBJ.dll
0x0000000072980000 - 0x000000007298f000 	D:\Java\jdk1.8.0_77\jre\bin\verify.dll
0x0000000072950000 - 0x0000000072979000 	D:\Java\jdk1.8.0_77\jre\bin\java.dll
0x0000000072930000 - 0x0000000072946000 	D:\Java\jdk1.8.0_77\jre\bin\zip.dll
0x00007ffc9cc90000 - 0x00007ffc9e09d000 	C:\Windows\system32\SHELL32.dll
0x00007ffc9e780000 - 0x00007ffc9e957000 	C:\Windows\SYSTEM32\combase.dll
0x00007ffc9ca80000 - 0x00007ffc9cad1000 	C:\Windows\system32\SHLWAPI.dll
0x00007ffc9aa10000 - 0x00007ffc9aab1000 	C:\Windows\SYSTEM32\SHCORE.dll
0x00007ffc9c3e0000 - 0x00007ffc9c3f4000 	C:\Windows\SYSTEM32\profapi.dll

VM Arguments:
jvm_args: -Djava.awt.headless=true -Xmx1024M -Dfile.encoding=GBK -Duser.country=CN -Duser.language=zh -Duser.variant 
java_command: com.android.dx.command.Main --dex --num-threads=4 --output E:\AndroidStudioProjects\Base1Application\app\build\intermediates\pre-dexed\debug\okhttp-2.7.5_5414a657ed49794aadf3035440f5bfb3280277c2.jar C:\Users\Administrator\.gradle\caches\modules-2\files-2.1\com.squareup.okhttp\okhttp\2.7.5\7a15a7db50f86c4b64aa3367424a60e3a325b8f1\okhttp-2.7.5.jar
java_class_path (initial): D:\android\android-sdk-windows\build-tools\24.0.0\lib\dx.jar
Launcher Type: SUN_STANDARD

Environment Variables:
JAVA_HOME=D:\Java\jdk1.8.0_77
CLASSPATH=.;D:\Java\jdk1.8.0_77\lib\dt.jar;D:\Java\jdk1.8.0_77\lib\tools.jar;
PATH=C:\Windows\system32;C:\Windows;C:\Windows\System32\Wbem;C:\Windows\System32\WindowsPowerShell\v1.0\;D:\Java\jdk1.8.0_77\bin;C:\Program Files (x86)\NVIDIA Corporation\PhysX\Common;C:\Program Files\TortoiseSVN\bin
USERNAME=Administrator
OS=Windows_NT
PROCESSOR_IDENTIFIER=Intel64 Family 6 Model 60 Stepping 3, GenuineIntel



---------------  S Y S T E M  ---------------

OS: Windows 8.1 , 64 bit Build 9600 (6.3.9600.16656)

CPU:total 4 (2 cores per cpu, 2 threads per core) family 6 model 60 stepping 3, cmov, cx8, fxsr, mmx, sse, sse2, sse3, ssse3, sse4.1, sse4.2, popcnt, avx, avx2, aes, clmul, erms, lzcnt, ht, tsc, tscinvbit, bmi1, bmi2

Memory: 4k page, physical 8277268k(2097864k free), swap 8277268k(5224k free)

vm_info: Java HotSpot(TM) 64-Bit Server VM (25.77-b03) for windows-amd64 JRE (1.8.0_77-b03), built on Mar 20 2016 22:01:33 by "java_re" with MS VC++ 10.0 (VS2010)

time: Mon Aug 01 20:06:58 2016
elapsed time: 8 seconds (0d 0h 0m 8s)

