#
# There is insufficient memory for the Java Runtime Environment to continue.
# Native memory allocation (malloc) failed to allocate 957936 bytes for Chunk::new
# Possible reasons:
#   The system is out of physical RAM or swap space
#   In 32 bit mode, the process size limit was hit
# Possible solutions:
#   Reduce memory load on the system
#   Increase physical memory or swap space
#   Check if swap backing store is full
#   Use 64 bit Java on a 64 bit OS
#   Decrease Java heap size (-Xmx/-Xms)
#   Decrease number of Java threads
#   Decrease Java thread stack sizes (-Xss)
#   Set larger code cache with -XX:ReservedCodeCacheSize=
# This output file may be truncated or incomplete.
#
#  Out of Memory Error (allocation.cpp:390), pid=7984, tid=5340
#
# JRE version: Java(TM) SE Runtime Environment (8.0_77-b03) (build 1.8.0_77-b03)
# Java VM: Java HotSpot(TM) 64-Bit Server VM (25.77-b03 mixed mode windows-amd64 compressed oops)
# Failed to write core dump. Minidumps are not enabled by default on client versions of Windows
#

---------------  T H R E A D  ---------------

Current thread (0x0000000014c3a000):  JavaThread "C2 CompilerThread0" daemon [_thread_in_native, id=5340, stack(0x0000000016140000,0x0000000016240000)]

Stack: [0x0000000016140000,0x0000000016240000]
[error occurred during error reporting (printing stack bounds), id 0xc0000005]

Native frames: (J=compiled Java code, j=interpreted, Vv=VM code, C=native code)


Current CompileTask:
C2:   7872 2084       4       com.android.dx.ssa.SsaConverter::placePhiFunctions (394 bytes)


---------------  P R O C E S S  ---------------

Java Threads: ( => current thread )
  0x00000000164ce800 JavaThread "pool-1-thread-4" [_thread_in_Java, id=9848, stack(0x0000000016e40000,0x0000000016f40000)]
  0x00000000164cd800 JavaThread "pool-1-thread-3" [_thread_in_Java, id=8268, stack(0x0000000016d40000,0x0000000016e40000)]
  0x00000000164cd000 JavaThread "pool-1-thread-2" [_thread_in_Java, id=9560, stack(0x0000000016c40000,0x0000000016d40000)]
  0x00000000164ca000 JavaThread "pool-2-thread-1" [_thread_blocked, id=7788, stack(0x0000000016b40000,0x0000000016c40000)]
  0x00000000164af800 JavaThread "pool-1-thread-1" [_thread_in_Java, id=7636, stack(0x0000000016a40000,0x0000000016b40000)]
  0x000000001629d800 JavaThread "Service Thread" daemon [_thread_blocked, id=8416, stack(0x0000000016840000,0x0000000016940000)]
  0x0000000016295800 JavaThread "C1 CompilerThread2" daemon [_thread_blocked, id=8456, stack(0x0000000016740000,0x0000000016840000)]
  0x000000001628b000 JavaThread "C2 CompilerThread1" daemon [_thread_in_native, id=8184, stack(0x0000000016640000,0x0000000016740000)]
=>0x0000000014c3a000 JavaThread "C2 CompilerThread0" daemon [_thread_in_native, id=5340, stack(0x0000000016140000,0x0000000016240000)]
  0x0000000014bec000 JavaThread "Attach Listener" daemon [_thread_blocked, id=7760, stack(0x0000000016040000,0x0000000016140000)]
  0x0000000014beb000 JavaThread "Signal Dispatcher" daemon [_thread_blocked, id=988, stack(0x0000000015f40000,0x0000000016040000)]
  0x0000000014bca000 JavaThread "Finalizer" daemon [_thread_blocked, id=7300, stack(0x0000000015e40000,0x0000000015f40000)]
  0x00000000024ff000 JavaThread "Reference Handler" daemon [_thread_blocked, id=5636, stack(0x0000000015d40000,0x0000000015e40000)]
  0x0000000002410800 JavaThread "main" [_thread_in_Java, id=8224, stack(0x00000000022e0000,0x00000000023e0000)]

Other Threads:
  0x0000000014ba7000 VMThread [stack: 0x0000000015c40000,0x0000000015d40000] [id=3980]
  0x0000000016304000 WatcherThread [stack: 0x0000000016940000,0x0000000016a40000] [id=5696]

VM state:not at safepoint (normal execution)

VM Mutex/Monitor currently owned by a thread: None

Heap:
 PSYoungGen      total 138240K, used 114795K [0x00000000eab00000, 0x00000000f3700000, 0x0000000100000000)
  eden space 133120K, 82% used [0x00000000eab00000,0x00000000f16213e0,0x00000000f2d00000)
  from space 5120K, 99% used [0x00000000f3200000,0x00000000f36f9900,0x00000000f3700000)
  to   space 5120K, 0% used [0x00000000f2d00000,0x00000000f2d00000,0x00000000f3200000)
 ParOldGen       total 87552K, used 25110K [0x00000000c0000000, 0x00000000c5580000, 0x00000000eab00000)
  object space 87552K, 28% used [0x00000000c0000000,0x00000000c1885ab0,0x00000000c5580000)
 Metaspace       used 6525K, capacity 7192K, committed 7424K, reserved 1056768K
  class space    used 627K, capacity 656K, committed 768K, reserved 1048576K

Card table byte_map: [0x00000000118d0000,0x0000000011ae0000] byte_map_base: 0x00000000112d0000

Marking Bits: (ParMarkBitMap*) 0x0000000072680600
 Begin Bits: [0x0000000012040000, 0x0000000013040000)
 End Bits:   [0x0000000013040000, 0x0000000014040000)

Polling page: 0x0000000001f00000

CodeCache: size=245760Kb used=8983Kb max_used=9004Kb free=236776Kb
 bounds [0x0000000002510000, 0x0000000002df0000, 0x0000000011510000]
 total_blobs=2243 nmethods=1971 adapters=184
 compilation: enabled

Compilation events (10 events):
Event: 7.768 Thread 0x0000000016295800 2086   !   2       com.android.dx.cf.code.ExecutionStack::change (116 bytes)
Event: 7.769 Thread 0x0000000016295800 nmethod 2086 0x0000000002dcdd50 code [0x0000000002dcdfe0, 0x0000000002dcea78]
Event: 7.773 Thread 0x0000000016295800 2087   !   2       com.android.dx.rop.cst.CstType::intern (48 bytes)
Event: 7.774 Thread 0x0000000016295800 nmethod 2087 0x0000000002dcd150 code [0x0000000002dcd300, 0x0000000002dcd808]
Event: 7.779 Thread 0x0000000016295800 2088       2       com.android.dx.dex.file.EncodedField::hashCode (8 bytes)
Event: 7.779 Thread 0x0000000016295800 nmethod 2088 0x0000000002dcca50 code [0x0000000002dccbe0, 0x0000000002dcce08]
Event: 7.779 Thread 0x0000000016295800 2089       2       com.android.dx.rop.cst.CstMemberRef::hashCode (19 bytes)
Event: 7.779 Thread 0x0000000016295800 nmethod 2089 0x0000000002dcc3d0 code [0x0000000002dcc560, 0x0000000002dcc788]
Event: 7.844 Thread 0x0000000014c3a000 nmethod 1972 0x0000000002dddc50 code [0x0000000002dddf80, 0x0000000002de0450]
Event: 7.844 Thread 0x0000000014c3a000 2084       4       com.android.dx.ssa.SsaConverter::placePhiFunctions (394 bytes)

GC Heap History (8 events):
Event: 1.578 GC heap before
{Heap before GC invocations=1 (full 0):
 PSYoungGen      total 38400K, used 33280K [0x00000000eab00000, 0x00000000ed580000, 0x0000000100000000)
  eden space 33280K, 100% used [0x00000000eab00000,0x00000000ecb80000,0x00000000ecb80000)
  from space 5120K, 0% used [0x00000000ed080000,0x00000000ed080000,0x00000000ed580000)
  to   space 5120K, 0% used [0x00000000ecb80000,0x00000000ecb80000,0x00000000ed080000)
 ParOldGen       total 87552K, used 0K [0x00000000c0000000, 0x00000000c5580000, 0x00000000eab00000)
  object space 87552K, 0% used [0x00000000c0000000,0x00000000c0000000,0x00000000c5580000)
 Metaspace       used 6040K, capacity 6900K, committed 7040K, reserved 1056768K
  class space    used 605K, capacity 620K, committed 640K, reserved 1048576K
Event: 1.601 GC heap after
Heap after GC invocations=1 (full 0):
 PSYoungGen      total 38400K, used 5108K [0x00000000eab00000, 0x00000000ef600000, 0x0000000100000000)
  eden space 33280K, 0% used [0x00000000eab00000,0x00000000eab00000,0x00000000ecb80000)
  from space 5120K, 99% used [0x00000000ecb80000,0x00000000ed07d1f8,0x00000000ed080000)
  to   space 5120K, 0% used [0x00000000ef100000,0x00000000ef100000,0x00000000ef600000)
 ParOldGen       total 87552K, used 1043K [0x00000000c0000000, 0x00000000c5580000, 0x00000000eab00000)
  object space 87552K, 1% used [0x00000000c0000000,0x00000000c0104c70,0x00000000c5580000)
 Metaspace       used 6040K, capacity 6900K, committed 7040K, reserved 1056768K
  class space    used 605K, capacity 620K, committed 640K, reserved 1048576K
}
Event: 3.187 GC heap before
{Heap before GC invocations=2 (full 0):
 PSYoungGen      total 38400K, used 38388K [0x00000000eab00000, 0x00000000ef600000, 0x0000000100000000)
  eden space 33280K, 100% used [0x00000000eab00000,0x00000000ecb80000,0x00000000ecb80000)
  from space 5120K, 99% used [0x00000000ecb80000,0x00000000ed07d1f8,0x00000000ed080000)
  to   space 5120K, 0% used [0x00000000ef100000,0x00000000ef100000,0x00000000ef600000)
 ParOldGen       total 87552K, used 1043K [0x00000000c0000000, 0x00000000c5580000, 0x00000000eab00000)
  object space 87552K, 1% used [0x00000000c0000000,0x00000000c0104c70,0x00000000c5580000)
 Metaspace       used 6242K, capacity 7092K, committed 7296K, reserved 1056768K
  class space    used 605K, capacity 620K, committed 640K, reserved 1048576K
Event: 3.244 GC heap after
Heap after GC invocations=2 (full 0):
 PSYoungGen      total 71680K, used 5103K [0x00000000eab00000, 0x00000000ef600000, 0x0000000100000000)
  eden space 66560K, 0% used [0x00000000eab00000,0x00000000eab00000,0x00000000eec00000)
  from space 5120K, 99% used [0x00000000ef100000,0x00000000ef5fbec0,0x00000000ef600000)
  to   space 5120K, 0% used [0x00000000eec00000,0x00000000eec00000,0x00000000ef100000)
 ParOldGen       total 87552K, used 5516K [0x00000000c0000000, 0x00000000c5580000, 0x00000000eab00000)
  object space 87552K, 6% used [0x00000000c0000000,0x00000000c0563318,0x00000000c5580000)
 Metaspace       used 6242K, capacity 7092K, committed 7296K, reserved 1056768K
  class space    used 605K, capacity 620K, committed 640K, reserved 1048576K
}
Event: 4.871 GC heap before
{Heap before GC invocations=3 (full 0):
 PSYoungGen      total 71680K, used 71663K [0x00000000eab00000, 0x00000000ef600000, 0x0000000100000000)
  eden space 66560K, 100% used [0x00000000eab00000,0x00000000eec00000,0x00000000eec00000)
  from space 5120K, 99% used [0x00000000ef100000,0x00000000ef5fbec0,0x00000000ef600000)
  to   space 5120K, 0% used [0x00000000eec00000,0x00000000eec00000,0x00000000ef100000)
 ParOldGen       total 87552K, used 5516K [0x00000000c0000000, 0x00000000c5580000, 0x00000000eab00000)
  object space 87552K, 6% used [0x00000000c0000000,0x00000000c0563318,0x00000000c5580000)
 Metaspace       used 6344K, capacity 7156K, committed 7296K, reserved 1056768K
  class space    used 606K, capacity 620K, committed 640K, reserved 1048576K
Event: 5.042 GC heap after
Heap after GC invocations=3 (full 0):
 PSYoungGen      total 71680K, used 5116K [0x00000000eab00000, 0x00000000f3700000, 0x0000000100000000)
  eden space 66560K, 0% used [0x00000000eab00000,0x00000000eab00000,0x00000000eec00000)
  from space 5120K, 99% used [0x00000000eec00000,0x00000000ef0ff1f0,0x00000000ef100000)
  to   space 5120K, 0% used [0x00000000f3200000,0x00000000f3200000,0x00000000f3700000)
 ParOldGen       total 87552K, used 15539K [0x00000000c0000000, 0x00000000c5580000, 0x00000000eab00000)
  object space 87552K, 17% used [0x00000000c0000000,0x00000000c0f2cd30,0x00000000c5580000)
 Metaspace       used 6344K, capacity 7156K, committed 7296K, reserved 1056768K
  class space    used 606K, capacity 620K, committed 640K, reserved 1048576K
}
Event: 5.996 GC heap before
{Heap before GC invocations=4 (full 0):
 PSYoungGen      total 71680K, used 71676K [0x00000000eab00000, 0x00000000f3700000, 0x0000000100000000)
  eden space 66560K, 100% used [0x00000000eab00000,0x00000000eec00000,0x00000000eec00000)
  from space 5120K, 99% used [0x00000000eec00000,0x00000000ef0ff1f0,0x00000000ef100000)
  to   space 5120K, 0% used [0x00000000f3200000,0x00000000f3200000,0x00000000f3700000)
 ParOldGen       total 87552K, used 15539K [0x00000000c0000000, 0x00000000c5580000, 0x00000000eab00000)
  object space 87552K, 17% used [0x00000000c0000000,0x00000000c0f2cd30,0x00000000c5580000)
 Metaspace       used 6455K, capacity 7192K, committed 7424K, reserved 1056768K
  class space    used 626K, capacity 656K, committed 768K, reserved 1048576K
Event: 6.120 GC heap after
Heap after GC invocations=4 (full 0):
 PSYoungGen      total 138240K, used 5094K [0x00000000eab00000, 0x00000000f3700000, 0x0000000100000000)
  eden space 133120K, 0% used [0x00000000eab00000,0x00000000eab00000,0x00000000f2d00000)
  from space 5120K, 99% used [0x00000000f3200000,0x00000000f36f9900,0x00000000f3700000)
  to   space 5120K, 0% used [0x00000000f2d00000,0x00000000f2d00000,0x00000000f3200000)
 ParOldGen       total 87552K, used 25110K [0x00000000c0000000, 0x00000000c5580000, 0x00000000eab00000)
  object space 87552K, 28% used [0x00000000c0000000,0x00000000c1885ab0,0x00000000c5580000)
 Metaspace       used 6455K, capacity 7192K, committed 7424K, reserved 1056768K
  class space    used 626K, capacity 656K, committed 768K, reserved 1048576K
}

Deoptimization events (10 events):
Event: 5.920 Thread 0x00000000164ce800 Uncommon trap: reason=bimorphic action=maybe_recompile pc=0x0000000002a833c0 method=com.android.dx.ssa.LiteralOpUpgrader.tryReplacingWithConstant(Lcom/android/dx/ssa/NormalSsaInsn;)Z @ 62
Event: 5.922 Thread 0x00000000164ce800 Uncommon trap: reason=unstable_if action=reinterpret pc=0x0000000002a01bec method=java.util.HashMap.putVal(ILjava/lang/Object;Ljava/lang/Object;ZZ)Ljava/lang/Object; @ 162
Event: 6.598 Thread 0x00000000164cd000 Uncommon trap: reason=unstable_if action=reinterpret pc=0x0000000002c01fb4 method=com.android.dx.rop.code.BasicBlockList.preferredSuccessorOf(Lcom/android/dx/rop/code/BasicBlock;)Lcom/android/dx/rop/code/BasicBlock; @ 58
Event: 6.917 Thread 0x00000000164cd800 Uncommon trap: reason=bimorphic action=maybe_recompile pc=0x0000000002a833c0 method=com.android.dx.ssa.LiteralOpUpgrader.tryReplacingWithConstant(Lcom/android/dx/ssa/NormalSsaInsn;)Z @ 62
Event: 6.953 Thread 0x00000000164ce800 Uncommon trap: reason=unstable_if action=reinterpret pc=0x0000000002a7574c method=com.android.dx.ssa.MoveParamCombiner$1.visitNonMoveInsn(Lcom/android/dx/ssa/NormalSsaInsn;)V @ 27
Event: 7.218 Thread 0x00000000164af800 Uncommon trap: reason=unstable_if action=reinterpret pc=0x0000000002b50444 method=java.util.HashMap.resize()[Ljava/util/HashMap$Node; @ 206
Event: 7.243 Thread 0x00000000164cd000 Uncommon trap: reason=class_check action=maybe_recompile pc=0x0000000002d3da40 method=com.android.dx.cf.code.BytecodeArray.parseInstruction(ILcom/android/dx/cf/code/BytecodeArray$Visitor;)I @ 1915
Event: 7.283 Thread 0x00000000164cd800 Uncommon trap: reason=class_check action=maybe_recompile pc=0x0000000002d3da40 method=com.android.dx.cf.code.BytecodeArray.parseInstruction(ILcom/android/dx/cf/code/BytecodeArray$Visitor;)I @ 1915
Event: 7.541 Thread 0x00000000164ce800 Uncommon trap: reason=unstable_if action=reinterpret pc=0x0000000002c0733c method=com.android.dx.ssa.SCCP.simulateBranch(Lcom/android/dx/ssa/SsaInsn;)V @ 548
Event: 7.767 Thread 0x00000000164af800 Uncommon trap: reason=unstable_if action=reinterpret pc=0x0000000002a18248 method=java.util.HashMap.putVal(ILjava/lang/Object;Ljava/lang/Object;ZZ)Ljava/lang/Object; @ 162

Internal exceptions (6 events):
Event: 0.061 Thread 0x0000000002410800 Exception <a 'java/lang/NoSuchMethodError': Method sun.misc.Unsafe.defineClass(Ljava/lang/String;[BII)Ljava/lang/Class; name or signature does not match> (0x00000000eab07cc0) thrown at [D:\re\workspace\8-2-build-windows-amd64-cygwin\jdk8u77\6540\hotspot\sr¶«{4š?¯?
Event: 0.061 Thread 0x0000000002410800 Exception <a 'java/lang/NoSuchMethodError': Method sun.misc.Unsafe.prefetchRead(Ljava/lang/Object;J)V name or signature does not match> (0x00000000eab07fa8) thrown at [D:\re\workspace\8-2-build-windows-amd64-cygwin\jdk8u77\6540\hotspot\src\share\vm\prims\j K³%rF@
Event: 2.784 Thread 0x00000000164cd800 Implicit null exception at 0x0000000002aab03c to 0x0000000002aad62d
Event: 5.882 Thread 0x00000000164af800 Exception <a 'java/lang/ArrayIndexOutOfBoundsException': 18> (0x00000000edaacc58) thrown at [D:\re\workspace\8-2-build-windows-amd64-cygwin\jdk8u77\6540\hotspot\src\share\vm\interpreter\interpreterRuntime.cpp, line 366]
Event: 5.883 Thread 0x00000000164af800 Exception <a 'java/lang/ArrayIndexOutOfBoundsException'> (0x00000000edaae7d8) thrown at [D:\re\workspace\8-2-build-windows-amd64-cygwin\jdk8u77\6540\hotspot\src\share\vm\runtime\sharedRuntime.cpp, line 605]
Event: 5.883 Thread 0x00000000164af800 Exception <a 'java/lang/ArrayIndexOutOfBoundsException'> (0x00000000edaafac0) thrown at [D:\re\workspace\8-2-build-windows-amd64-cygwin\jdk8u77\6540\hotspot\src\share\vm\runtime\sharedRuntime.cpp, line 605]

Events (10 events):
Event: 7.760 Thread 0x00000000164af800 DEOPT UNPACKING pc=0x000000000255787f sp=0x0000000016b3e450 mode 0
Event: 7.767 Thread 0x00000000164af800 Uncommon trap: trap_request=0xffffff65 fr.pc=0x0000000002a18248
Event: 7.767 Thread 0x00000000164af800 DEOPT PACKING pc=0x0000000002a18248 sp=0x0000000016b3dd00
Event: 7.767 Thread 0x00000000164af800 DEOPT UNPACKING pc=0x000000000255582a sp=0x0000000016b3dc10 mode 2
Event: 7.774 Thread 0x00000000164ce800 DEOPT PACKING pc=0x000000000288e40a sp=0x0000000016f3ea40
Event: 7.774 Thread 0x00000000164ce800 DEOPT UNPACKING pc=0x000000000255787f sp=0x0000000016f3e880 mode 0
Event: 7.780 Thread 0x00000000164af800 DEOPT PACKING pc=0x000000000278bb3d sp=0x0000000016b3e700
Event: 7.781 Thread 0x00000000164af800 DEOPT UNPACKING pc=0x000000000255787f sp=0x0000000016b3e4a0 mode 0
Event: 7.788 Thread 0x00000000164ce800 DEOPT PACKING pc=0x0000000002924b19 sp=0x0000000016f3ed30
Event: 7.788 Thread 0x00000000164ce800 DEOPT UNPACKING pc=0x000000000255787f sp=0x0000000016f3eb60 mode 0


Dynamic libraries:
0x00007ff73aea0000 - 0x00007ff73aed7000 	D:\Java\jdk1.8.0_77\bin\java.exe
0x00007ffc9f060000 - 0x00007ffc9f209000 	C:\Windows\SYSTEM32\ntdll.dll
0x00007ffc9e530000 - 0x00007ffc9e669000 	C:\Windows\system32\KERNEL32.DLL
0x00007ffc9c600000 - 0x00007ffc9c70e000 	C:\Windows\system32\KERNELBASE.dll
0x00007ffc9e0a0000 - 0x00007ffc9e145000 	C:\Windows\system32\ADVAPI32.dll
0x00007ffc9c900000 - 0x00007ffc9ca71000 	C:\Windows\system32\USER32.dll
0x00007ffc9a5d0000 - 0x00007ffc9a82a000 	C:\Windows\WinSxS\amd64_microsoft.windows.common-controls_6595b64144ccf1df_6.0.9600.16384_none_62475f7becb72503\COMCTL32.dll
0x00007ffc9e6d0000 - 0x00007ffc9e777000 	C:\Windows\system32\msvcrt.dll
0x00007ffc9e4d0000 - 0x00007ffc9e527000 	C:\Windows\SYSTEM32\sechost.dll
0x00007ffc9cb50000 - 0x00007ffc9cc86000 	C:\Windows\system32\RPCRT4.dll
0x00007ffc9eac0000 - 0x00007ffc9ec05000 	C:\Windows\system32\GDI32.dll
0x00007ffc9caf0000 - 0x00007ffc9cb24000 	C:\Windows\system32\IMM32.DLL
0x00007ffc9e380000 - 0x00007ffc9e4b9000 	C:\Windows\system32\MSCTF.dll
0x0000000072990000 - 0x0000000072a62000 	D:\Java\jdk1.8.0_77\jre\bin\msvcr100.dll
0x0000000071e70000 - 0x0000000072700000 	D:\Java\jdk1.8.0_77\jre\bin\server\jvm.dll
0x00007ffc97850000 - 0x00007ffc97859000 	C:\Windows\SYSTEM32\WSOCK32.dll
0x00007ffc98a40000 - 0x00007ffc98a5f000 	C:\Windows\SYSTEM32\WINMM.dll
0x00007ffc99ca0000 - 0x00007ffc99caa000 	C:\Windows\SYSTEM32\VERSION.dll
0x00007ffc9e4c0000 - 0x00007ffc9e4c7000 	C:\Windows\system32\PSAPI.DLL
0x00007ffc9e670000 - 0x00007ffc9e6c8000 	C:\Windows\system32\WS2_32.dll
0x00007ffc99a90000 - 0x00007ffc99aba000 	C:\Windows\SYSTEM32\WINMMBASE.dll
0x00007ffc9cae0000 - 0x00007ffc9cae9000 	C:\Windows\system32\NSI.dll
0x00007ffc9c500000 - 0x00007ffc9c54a000 	C:\Windows\SYSTEM32\cfgmgr32.dll
0x00007ffc9b290000 - 0x00007ffc9b2b6000 	C:\Windows\SYSTEM32\DEVOBJ.dll
0x0000000072980000 - 0x000000007298f000 	D:\Java\jdk1.8.0_77\jre\bin\verify.dll
0x0000000072950000 - 0x0000000072979000 	D:\Java\jdk1.8.0_77\jre\bin\java.dll
0x0000000072930000 - 0x0000000072946000 	D:\Java\jdk1.8.0_77\jre\bin\zip.dll
0x00007ffc9cc90000 - 0x00007ffc9e09d000 	C:\Windows\system32\SHELL32.dll
0x00007ffc9e780000 - 0x00007ffc9e957000 	C:\Windows\SYSTEM32\combase.dll
0x00007ffc9ca80000 - 0x00007ffc9cad1000 	C:\Windows\system32\SHLWAPI.dll
0x00007ffc9aa10000 - 0x00007ffc9aab1000 	C:\Windows\SYSTEM32\SHCORE.dll
0x00007ffc9c3e0000 - 0x00007ffc9c3f4000 	C:\Windows\SYSTEM32\profapi.dll

VM Arguments:
jvm_args: -Djava.awt.headless=true -Xmx1024M -Dfile.encoding=GBK -Duser.country=CN -Duser.language=zh -Duser.variant 
java_command: com.android.dx.command.Main --dex --num-threads=4 --output E:\AndroidStudioProjects\Base1Application\app\build\intermediates\pre-dexed\debug\com.android.support-appcompat-v7-24.0.0-beta1_d38209d1651c87490daed49c14f9870cb41745f8.jar E:\AndroidStudioProjects\Base1Application\app\build\intermediates\exploded-aar\com.android.support\appcompat-v7\24.0.0-beta1\jars\classes.jar
java_class_path (initial): D:\android\android-sdk-windows\build-tools\24.0.0\lib\dx.jar
Launcher Type: SUN_STANDARD

Environment Variables:
JAVA_HOME=D:\Java\jdk1.8.0_77
CLASSPATH=.;D:\Java\jdk1.8.0_77\lib\dt.jar;D:\Java\jdk1.8.0_77\lib\tools.jar;
PATH=C:\Windows\system32;C:\Windows;C:\Windows\System32\Wbem;C:\Windows\System32\WindowsPowerShell\v1.0\;D:\Java\jdk1.8.0_77\bin;C:\Program Files (x86)\NVIDIA Corporation\PhysX\Common;C:\Program Files\TortoiseSVN\bin
USERNAME=Administrator
OS=Windows_NT
PROCESSOR_IDENTIFIER=Intel64 Family 6 Model 60 Stepping 3, GenuineIntel



---------------  S Y S T E M  ---------------

OS: Windows 8.1 , 64 bit Build 9600 (6.3.9600.16656)

CPU:total 4 (2 cores per cpu, 2 threads per core) family 6 model 60 stepping 3, cmov, cx8, fxsr, mmx, sse, sse2, sse3, ssse3, sse4.1, sse4.2, popcnt, avx, avx2, aes, clmul, erms, lzcnt, ht, tsc, tscinvbit, bmi1, bmi2

Memory: 4k page, physical 8277268k(2111612k free), swap 8277268k(5204k free)

vm_info: Java HotSpot(TM) 64-Bit Server VM (25.77-b03) for windows-amd64 JRE (1.8.0_77-b03), built on Mar 20 2016 22:01:33 by "java_re" with MS VC++ 10.0 (VS2010)

time: Mon Aug 01 20:06:58 2016
elapsed time: 7 seconds (0d 0h 0m 7s)

